  main.cpp
D:\Users\Desktop\WorkSpace\DHMT_NHOM_1\XichDu\OpenGL_Demo_VS2022\OpenGL_Demo\include\vector_matrix.h(1,10): warning C4067: unexpected tokens following preprocessor directive - expected a newline
  (compiling source file 'main.cpp')
  
D:\Users\Desktop\WorkSpace\DHMT_NHOM_1\XichDu\OpenGL_Demo_VS2022\OpenGL_Demo\main.cpp(117,32): warning C4305: 'argument': truncation from 'double' to 'float'
D:\Users\Desktop\WorkSpace\DHMT_NHOM_1\XichDu\OpenGL_Demo_VS2022\OpenGL_Demo\main.cpp(117,24): warning C4305: 'argument': truncation from 'double' to 'float'
D:\Users\Desktop\WorkSpace\DHMT_NHOM_1\XichDu\OpenGL_Demo_VS2022\OpenGL_Demo\main.cpp(125,27): warning C4305: 'argument': truncation from 'double' to 'float'
D:\Users\Desktop\WorkSpace\DHMT_NHOM_1\XichDu\OpenGL_Demo_VS2022\OpenGL_Demo\main.cpp(133,31): warning C4305: 'argument': truncation from 'double' to 'float'
D:\Users\Desktop\WorkSpace\DHMT_NHOM_1\XichDu\OpenGL_Demo_VS2022\OpenGL_Demo\main.cpp(133,59): warning C4305: 'argument': truncation from 'double' to 'float'
D:\Users\Desktop\WorkSpace\DHMT_NHOM_1\XichDu\OpenGL_Demo_VS2022\OpenGL_Demo\main.cpp(141,31): warning C4305: 'argument': truncation from 'double' to 'float'
D:\Users\Desktop\WorkSpace\DHMT_NHOM_1\XichDu\OpenGL_Demo_VS2022\OpenGL_Demo\main.cpp(141,57): warning C4305: 'argument': truncation from 'double' to 'float'
D:\Users\Desktop\WorkSpace\DHMT_NHOM_1\XichDu\OpenGL_Demo_VS2022\OpenGL_Demo\main.cpp(149,34): warning C4305: 'argument': truncation from 'double' to 'float'
D:\Users\Desktop\WorkSpace\DHMT_NHOM_1\XichDu\OpenGL_Demo_VS2022\OpenGL_Demo\main.cpp(149,61): warning C4305: 'argument': truncation from 'double' to 'float'
D:\Users\Desktop\WorkSpace\DHMT_NHOM_1\XichDu\OpenGL_Demo_VS2022\OpenGL_Demo\main.cpp(157,42): warning C4305: 'argument': truncation from 'double' to 'float'
D:\Users\Desktop\WorkSpace\DHMT_NHOM_1\XichDu\OpenGL_Demo_VS2022\OpenGL_Demo\main.cpp(157,71): warning C4305: 'argument': truncation from 'double' to 'float'
D:\Users\Desktop\WorkSpace\DHMT_NHOM_1\XichDu\OpenGL_Demo_VS2022\OpenGL_Demo\main.cpp(165,72): warning C4305: 'argument': truncation from 'double' to 'float'
D:\Users\Desktop\WorkSpace\DHMT_NHOM_1\XichDu\OpenGL_Demo_VS2022\OpenGL_Demo\main.cpp(183,52): warning C4305: 'argument': truncation from 'double' to 'float'
D:\Users\Desktop\WorkSpace\DHMT_NHOM_1\XichDu\OpenGL_Demo_VS2022\OpenGL_Demo\main.cpp(186,50): warning C4244: 'argument': conversion from 'double' to 'float', possible loss of data
D:\Users\Desktop\WorkSpace\DHMT_NHOM_1\XichDu\OpenGL_Demo_VS2022\OpenGL_Demo\main.cpp(186,24): warning C4244: 'argument': conversion from 'double' to 'float', possible loss of data
D:\Users\Desktop\WorkSpace\DHMT_NHOM_1\XichDu\OpenGL_Demo_VS2022\OpenGL_Demo\main.cpp(186,65): warning C4305: 'argument': truncation from 'double' to 'float'
D:\Users\Desktop\WorkSpace\DHMT_NHOM_1\XichDu\OpenGL_Demo_VS2022\OpenGL_Demo\main.cpp(187,55): warning C4244: 'argument': conversion from 'double' to 'float', possible loss of data
D:\Users\Desktop\WorkSpace\DHMT_NHOM_1\XichDu\OpenGL_Demo_VS2022\OpenGL_Demo\main.cpp(187,16): warning C4244: 'argument': conversion from 'double' to 'float', possible loss of data
D:\Users\Desktop\WorkSpace\DHMT_NHOM_1\XichDu\OpenGL_Demo_VS2022\OpenGL_Demo\main.cpp(187,73): warning C4305: 'argument': truncation from 'double' to 'float'
D:\Users\Desktop\WorkSpace\DHMT_NHOM_1\XichDu\OpenGL_Demo_VS2022\OpenGL_Demo\main.cpp(188,73): warning C4244: 'argument': conversion from 'double' to 'float', possible loss of data
D:\Users\Desktop\WorkSpace\DHMT_NHOM_1\XichDu\OpenGL_Demo_VS2022\OpenGL_Demo\main.cpp(188,59): warning C4244: 'argument': conversion from 'double' to 'float', possible loss of data
D:\Users\Desktop\WorkSpace\DHMT_NHOM_1\XichDu\OpenGL_Demo_VS2022\OpenGL_Demo\main.cpp(188,38): warning C4244: 'argument': conversion from 'double' to 'float', possible loss of data
D:\Users\Desktop\WorkSpace\DHMT_NHOM_1\XichDu\OpenGL_Demo_VS2022\OpenGL_Demo\main.cpp(188,95): warning C4305: 'argument': truncation from 'double' to 'float'
D:\Users\Desktop\WorkSpace\DHMT_NHOM_1\XichDu\OpenGL_Demo_VS2022\OpenGL_Demo\main.cpp(188,90): warning C4305: 'argument': truncation from 'double' to 'float'
D:\Users\Desktop\WorkSpace\DHMT_NHOM_1\XichDu\OpenGL_Demo_VS2022\OpenGL_Demo\main.cpp(198,63): warning C4244: 'argument': conversion from 'double' to 'float', possible loss of data
D:\Users\Desktop\WorkSpace\DHMT_NHOM_1\XichDu\OpenGL_Demo_VS2022\OpenGL_Demo\main.cpp(198,16): warning C4244: 'argument': conversion from 'double' to 'float', possible loss of data
D:\Users\Desktop\WorkSpace\DHMT_NHOM_1\XichDu\OpenGL_Demo_VS2022\OpenGL_Demo\main.cpp(198,90): warning C4305: 'argument': truncation from 'double' to 'float'
D:\Users\Desktop\WorkSpace\DHMT_NHOM_1\XichDu\OpenGL_Demo_VS2022\OpenGL_Demo\main.cpp(198,80): warning C4305: 'argument': truncation from 'double' to 'float'
D:\Users\Desktop\WorkSpace\DHMT_NHOM_1\XichDu\OpenGL_Demo_VS2022\OpenGL_Demo\main.cpp(199,57): warning C4244: 'argument': conversion from 'double' to 'float', possible loss of data
D:\Users\Desktop\WorkSpace\DHMT_NHOM_1\XichDu\OpenGL_Demo_VS2022\OpenGL_Demo\main.cpp(199,25): warning C4244: 'argument': conversion from 'double' to 'float', possible loss of data
D:\Users\Desktop\WorkSpace\DHMT_NHOM_1\XichDu\OpenGL_Demo_VS2022\OpenGL_Demo\main.cpp(199,84): warning C4305: 'argument': truncation from 'double' to 'float'
D:\Users\Desktop\WorkSpace\DHMT_NHOM_1\XichDu\OpenGL_Demo_VS2022\OpenGL_Demo\main.cpp(199,74): warning C4305: 'argument': truncation from 'double' to 'float'
D:\Users\Desktop\WorkSpace\DHMT_NHOM_1\XichDu\OpenGL_Demo_VS2022\OpenGL_Demo\main.cpp(201,40): warning C4244: 'argument': conversion from 'double' to 'float', possible loss of data
D:\Users\Desktop\WorkSpace\DHMT_NHOM_1\XichDu\OpenGL_Demo_VS2022\OpenGL_Demo\main.cpp(201,67): warning C4305: 'argument': truncation from 'double' to 'float'
D:\Users\Desktop\WorkSpace\DHMT_NHOM_1\XichDu\OpenGL_Demo_VS2022\OpenGL_Demo\main.cpp(201,62): warning C4305: 'argument': truncation from 'double' to 'float'
D:\Users\Desktop\WorkSpace\DHMT_NHOM_1\XichDu\OpenGL_Demo_VS2022\OpenGL_Demo\main.cpp(202,56): warning C4244: 'argument': conversion from 'double' to 'float', possible loss of data
D:\Users\Desktop\WorkSpace\DHMT_NHOM_1\XichDu\OpenGL_Demo_VS2022\OpenGL_Demo\main.cpp(202,35): warning C4244: 'argument': conversion from 'double' to 'float', possible loss of data
D:\Users\Desktop\WorkSpace\DHMT_NHOM_1\XichDu\OpenGL_Demo_VS2022\OpenGL_Demo\main.cpp(202,83): warning C4305: 'argument': truncation from 'double' to 'float'
D:\Users\Desktop\WorkSpace\DHMT_NHOM_1\XichDu\OpenGL_Demo_VS2022\OpenGL_Demo\main.cpp(202,78): warning C4305: 'argument': truncation from 'double' to 'float'
D:\Users\Desktop\WorkSpace\DHMT_NHOM_1\XichDu\OpenGL_Demo_VS2022\OpenGL_Demo\main.cpp(203,59): warning C4244: 'argument': conversion from 'double' to 'float', possible loss of data
D:\Users\Desktop\WorkSpace\DHMT_NHOM_1\XichDu\OpenGL_Demo_VS2022\OpenGL_Demo\main.cpp(203,25): warning C4244: 'argument': conversion from 'double' to 'float', possible loss of data
D:\Users\Desktop\WorkSpace\DHMT_NHOM_1\XichDu\OpenGL_Demo_VS2022\OpenGL_Demo\main.cpp(203,86): warning C4305: 'argument': truncation from 'double' to 'float'
D:\Users\Desktop\WorkSpace\DHMT_NHOM_1\XichDu\OpenGL_Demo_VS2022\OpenGL_Demo\main.cpp(203,81): warning C4305: 'argument': truncation from 'double' to 'float'
D:\Users\Desktop\WorkSpace\DHMT_NHOM_1\XichDu\OpenGL_Demo_VS2022\OpenGL_Demo\main.cpp(207,73): warning C4244: 'argument': conversion from 'double' to 'float', possible loss of data
D:\Users\Desktop\WorkSpace\DHMT_NHOM_1\XichDu\OpenGL_Demo_VS2022\OpenGL_Demo\main.cpp(207,16): warning C4244: 'argument': conversion from 'double' to 'float', possible loss of data
D:\Users\Desktop\WorkSpace\DHMT_NHOM_1\XichDu\OpenGL_Demo_VS2022\OpenGL_Demo\main.cpp(207,100): warning C4305: 'argument': truncation from 'double' to 'float'
D:\Users\Desktop\WorkSpace\DHMT_NHOM_1\XichDu\OpenGL_Demo_VS2022\OpenGL_Demo\main.cpp(207,90): warning C4305: 'argument': truncation from 'double' to 'float'
D:\Users\Desktop\WorkSpace\DHMT_NHOM_1\XichDu\OpenGL_Demo_VS2022\OpenGL_Demo\main.cpp(208,72): warning C4244: 'argument': conversion from 'double' to 'float', possible loss of data
D:\Users\Desktop\WorkSpace\DHMT_NHOM_1\XichDu\OpenGL_Demo_VS2022\OpenGL_Demo\main.cpp(208,16): warning C4244: 'argument': conversion from 'double' to 'float', possible loss of data
D:\Users\Desktop\WorkSpace\DHMT_NHOM_1\XichDu\OpenGL_Demo_VS2022\OpenGL_Demo\main.cpp(208,99): warning C4305: 'argument': truncation from 'double' to 'float'
D:\Users\Desktop\WorkSpace\DHMT_NHOM_1\XichDu\OpenGL_Demo_VS2022\OpenGL_Demo\main.cpp(208,89): warning C4305: 'argument': truncation from 'double' to 'float'
D:\Users\Desktop\WorkSpace\DHMT_NHOM_1\XichDu\OpenGL_Demo_VS2022\OpenGL_Demo\main.cpp(210,38): warning C4244: 'argument': conversion from 'double' to 'float', possible loss of data
D:\Users\Desktop\WorkSpace\DHMT_NHOM_1\XichDu\OpenGL_Demo_VS2022\OpenGL_Demo\main.cpp(210,65): warning C4305: 'argument': truncation from 'double' to 'float'
D:\Users\Desktop\WorkSpace\DHMT_NHOM_1\XichDu\OpenGL_Demo_VS2022\OpenGL_Demo\main.cpp(210,60): warning C4305: 'argument': truncation from 'double' to 'float'
D:\Users\Desktop\WorkSpace\DHMT_NHOM_1\XichDu\OpenGL_Demo_VS2022\OpenGL_Demo\main.cpp(211,54): warning C4244: 'argument': conversion from 'double' to 'float', possible loss of data
D:\Users\Desktop\WorkSpace\DHMT_NHOM_1\XichDu\OpenGL_Demo_VS2022\OpenGL_Demo\main.cpp(211,35): warning C4244: 'argument': conversion from 'double' to 'float', possible loss of data
D:\Users\Desktop\WorkSpace\DHMT_NHOM_1\XichDu\OpenGL_Demo_VS2022\OpenGL_Demo\main.cpp(211,81): warning C4305: 'argument': truncation from 'double' to 'float'
D:\Users\Desktop\WorkSpace\DHMT_NHOM_1\XichDu\OpenGL_Demo_VS2022\OpenGL_Demo\main.cpp(211,76): warning C4305: 'argument': truncation from 'double' to 'float'
D:\Users\Desktop\WorkSpace\DHMT_NHOM_1\XichDu\OpenGL_Demo_VS2022\OpenGL_Demo\main.cpp(212,57): warning C4244: 'argument': conversion from 'double' to 'float', possible loss of data
D:\Users\Desktop\WorkSpace\DHMT_NHOM_1\XichDu\OpenGL_Demo_VS2022\OpenGL_Demo\main.cpp(212,25): warning C4244: 'argument': conversion from 'double' to 'float', possible loss of data
D:\Users\Desktop\WorkSpace\DHMT_NHOM_1\XichDu\OpenGL_Demo_VS2022\OpenGL_Demo\main.cpp(212,84): warning C4305: 'argument': truncation from 'double' to 'float'
D:\Users\Desktop\WorkSpace\DHMT_NHOM_1\XichDu\OpenGL_Demo_VS2022\OpenGL_Demo\main.cpp(212,79): warning C4305: 'argument': truncation from 'double' to 'float'
D:\Users\Desktop\WorkSpace\DHMT_NHOM_1\XichDu\OpenGL_Demo_VS2022\OpenGL_Demo\main.cpp(216,73): warning C4244: 'argument': conversion from 'double' to 'float', possible loss of data
D:\Users\Desktop\WorkSpace\DHMT_NHOM_1\XichDu\OpenGL_Demo_VS2022\OpenGL_Demo\main.cpp(216,16): warning C4244: 'argument': conversion from 'double' to 'float', possible loss of data
D:\Users\Desktop\WorkSpace\DHMT_NHOM_1\XichDu\OpenGL_Demo_VS2022\OpenGL_Demo\main.cpp(216,97): warning C4305: 'argument': truncation from 'double' to 'float'
D:\Users\Desktop\WorkSpace\DHMT_NHOM_1\XichDu\OpenGL_Demo_VS2022\OpenGL_Demo\main.cpp(216,87): warning C4305: 'argument': truncation from 'double' to 'float'
D:\Users\Desktop\WorkSpace\DHMT_NHOM_1\XichDu\OpenGL_Demo_VS2022\OpenGL_Demo\main.cpp(217,16): warning C4244: 'argument': conversion from 'double' to 'float', possible loss of data
D:\Users\Desktop\WorkSpace\DHMT_NHOM_1\XichDu\OpenGL_Demo_VS2022\OpenGL_Demo\main.cpp(217,71): warning C4305: 'argument': truncation from 'double' to 'float'
D:\Users\Desktop\WorkSpace\DHMT_NHOM_1\XichDu\OpenGL_Demo_VS2022\OpenGL_Demo\main.cpp(217,61): warning C4305: 'argument': truncation from 'double' to 'float'
D:\Users\Desktop\WorkSpace\DHMT_NHOM_1\XichDu\OpenGL_Demo_VS2022\OpenGL_Demo\main.cpp(219,53): warning C4244: 'argument': conversion from 'double' to 'float', possible loss of data
D:\Users\Desktop\WorkSpace\DHMT_NHOM_1\XichDu\OpenGL_Demo_VS2022\OpenGL_Demo\main.cpp(219,16): warning C4244: 'argument': conversion from 'double' to 'float', possible loss of data
D:\Users\Desktop\WorkSpace\DHMT_NHOM_1\XichDu\OpenGL_Demo_VS2022\OpenGL_Demo\main.cpp(219,75): warning C4305: 'argument': truncation from 'double' to 'float'
D:\Users\Desktop\WorkSpace\DHMT_NHOM_1\XichDu\OpenGL_Demo_VS2022\OpenGL_Demo\main.cpp(219,70): warning C4305: 'argument': truncation from 'double' to 'float'
D:\Users\Desktop\WorkSpace\DHMT_NHOM_1\XichDu\OpenGL_Demo_VS2022\OpenGL_Demo\main.cpp(220,69): warning C4244: 'argument': conversion from 'double' to 'float', possible loss of data
D:\Users\Desktop\WorkSpace\DHMT_NHOM_1\XichDu\OpenGL_Demo_VS2022\OpenGL_Demo\main.cpp(220,54): warning C4244: 'argument': conversion from 'double' to 'float', possible loss of data
D:\Users\Desktop\WorkSpace\DHMT_NHOM_1\XichDu\OpenGL_Demo_VS2022\OpenGL_Demo\main.cpp(220,16): warning C4244: 'argument': conversion from 'double' to 'float', possible loss of data
D:\Users\Desktop\WorkSpace\DHMT_NHOM_1\XichDu\OpenGL_Demo_VS2022\OpenGL_Demo\main.cpp(220,91): warning C4305: 'argument': truncation from 'double' to 'float'
D:\Users\Desktop\WorkSpace\DHMT_NHOM_1\XichDu\OpenGL_Demo_VS2022\OpenGL_Demo\main.cpp(220,86): warning C4305: 'argument': truncation from 'double' to 'float'
D:\Users\Desktop\WorkSpace\DHMT_NHOM_1\XichDu\OpenGL_Demo_VS2022\OpenGL_Demo\main.cpp(221,72): warning C4244: 'argument': conversion from 'double' to 'float', possible loss of data
D:\Users\Desktop\WorkSpace\DHMT_NHOM_1\XichDu\OpenGL_Demo_VS2022\OpenGL_Demo\main.cpp(221,44): warning C4244: 'argument': conversion from 'double' to 'float', possible loss of data
D:\Users\Desktop\WorkSpace\DHMT_NHOM_1\XichDu\OpenGL_Demo_VS2022\OpenGL_Demo\main.cpp(221,16): warning C4244: 'argument': conversion from 'double' to 'float', possible loss of data
D:\Users\Desktop\WorkSpace\DHMT_NHOM_1\XichDu\OpenGL_Demo_VS2022\OpenGL_Demo\main.cpp(221,94): warning C4305: 'argument': truncation from 'double' to 'float'
D:\Users\Desktop\WorkSpace\DHMT_NHOM_1\XichDu\OpenGL_Demo_VS2022\OpenGL_Demo\main.cpp(221,89): warning C4305: 'argument': truncation from 'double' to 'float'
D:\Users\Desktop\WorkSpace\DHMT_NHOM_1\XichDu\OpenGL_Demo_VS2022\OpenGL_Demo\main.cpp(225,72): warning C4244: 'argument': conversion from 'double' to 'float', possible loss of data
D:\Users\Desktop\WorkSpace\DHMT_NHOM_1\XichDu\OpenGL_Demo_VS2022\OpenGL_Demo\main.cpp(225,16): warning C4244: 'argument': conversion from 'double' to 'float', possible loss of data
D:\Users\Desktop\WorkSpace\DHMT_NHOM_1\XichDu\OpenGL_Demo_VS2022\OpenGL_Demo\main.cpp(225,96): warning C4305: 'argument': truncation from 'double' to 'float'
D:\Users\Desktop\WorkSpace\DHMT_NHOM_1\XichDu\OpenGL_Demo_VS2022\OpenGL_Demo\main.cpp(225,86): warning C4305: 'argument': truncation from 'double' to 'float'
D:\Users\Desktop\WorkSpace\DHMT_NHOM_1\XichDu\OpenGL_Demo_VS2022\OpenGL_Demo\main.cpp(226,16): warning C4244: 'argument': conversion from 'double' to 'float', possible loss of data
D:\Users\Desktop\WorkSpace\DHMT_NHOM_1\XichDu\OpenGL_Demo_VS2022\OpenGL_Demo\main.cpp(226,69): warning C4305: 'argument': truncation from 'double' to 'float'
D:\Users\Desktop\WorkSpace\DHMT_NHOM_1\XichDu\OpenGL_Demo_VS2022\OpenGL_Demo\main.cpp(226,59): warning C4305: 'argument': truncation from 'double' to 'float'
D:\Users\Desktop\WorkSpace\DHMT_NHOM_1\XichDu\OpenGL_Demo_VS2022\OpenGL_Demo\main.cpp(228,50): warning C4244: 'argument': conversion from 'double' to 'float', possible loss of data
D:\Users\Desktop\WorkSpace\DHMT_NHOM_1\XichDu\OpenGL_Demo_VS2022\OpenGL_Demo\main.cpp(228,26): warning C4244: 'argument': conversion from 'double' to 'float', possible loss of data
D:\Users\Desktop\WorkSpace\DHMT_NHOM_1\XichDu\OpenGL_Demo_VS2022\OpenGL_Demo\main.cpp(228,72): warning C4305: 'argument': truncation from 'double' to 'float'
D:\Users\Desktop\WorkSpace\DHMT_NHOM_1\XichDu\OpenGL_Demo_VS2022\OpenGL_Demo\main.cpp(228,67): warning C4305: 'argument': truncation from 'double' to 'float'
D:\Users\Desktop\WorkSpace\DHMT_NHOM_1\XichDu\OpenGL_Demo_VS2022\OpenGL_Demo\main.cpp(229,66): warning C4244: 'argument': conversion from 'double' to 'float', possible loss of data
D:\Users\Desktop\WorkSpace\DHMT_NHOM_1\XichDu\OpenGL_Demo_VS2022\OpenGL_Demo\main.cpp(229,51): warning C4244: 'argument': conversion from 'double' to 'float', possible loss of data
D:\Users\Desktop\WorkSpace\DHMT_NHOM_1\XichDu\OpenGL_Demo_VS2022\OpenGL_Demo\main.cpp(229,26): warning C4244: 'argument': conversion from 'double' to 'float', possible loss of data
D:\Users\Desktop\WorkSpace\DHMT_NHOM_1\XichDu\OpenGL_Demo_VS2022\OpenGL_Demo\main.cpp(229,88): warning C4305: 'argument': truncation from 'double' to 'float'
D:\Users\Desktop\WorkSpace\DHMT_NHOM_1\XichDu\OpenGL_Demo_VS2022\OpenGL_Demo\main.cpp(229,83): warning C4305: 'argument': truncation from 'double' to 'float'
D:\Users\Desktop\WorkSpace\DHMT_NHOM_1\XichDu\OpenGL_Demo_VS2022\OpenGL_Demo\main.cpp(230,69): warning C4244: 'argument': conversion from 'double' to 'float', possible loss of data
D:\Users\Desktop\WorkSpace\DHMT_NHOM_1\XichDu\OpenGL_Demo_VS2022\OpenGL_Demo\main.cpp(230,41): warning C4244: 'argument': conversion from 'double' to 'float', possible loss of data
D:\Users\Desktop\WorkSpace\DHMT_NHOM_1\XichDu\OpenGL_Demo_VS2022\OpenGL_Demo\main.cpp(230,26): warning C4244: 'argument': conversion from 'double' to 'float', possible loss of data
D:\Users\Desktop\WorkSpace\DHMT_NHOM_1\XichDu\OpenGL_Demo_VS2022\OpenGL_Demo\main.cpp(230,91): warning C4305: 'argument': truncation from 'double' to 'float'
D:\Users\Desktop\WorkSpace\DHMT_NHOM_1\XichDu\OpenGL_Demo_VS2022\OpenGL_Demo\main.cpp(230,86): warning C4305: 'argument': truncation from 'double' to 'float'
D:\Users\Desktop\WorkSpace\DHMT_NHOM_1\XichDu\OpenGL_Demo_VS2022\OpenGL_Demo\main.cpp(237,40): warning C4244: 'argument': conversion from 'double' to 'float', possible loss of data
D:\Users\Desktop\WorkSpace\DHMT_NHOM_1\XichDu\OpenGL_Demo_VS2022\OpenGL_Demo\main.cpp(237,67): warning C4305: 'argument': truncation from 'double' to 'float'
D:\Users\Desktop\WorkSpace\DHMT_NHOM_1\XichDu\OpenGL_Demo_VS2022\OpenGL_Demo\main.cpp(240,50): warning C4244: 'argument': conversion from 'double' to 'float', possible loss of data
D:\Users\Desktop\WorkSpace\DHMT_NHOM_1\XichDu\OpenGL_Demo_VS2022\OpenGL_Demo\main.cpp(240,26): warning C4244: 'argument': conversion from 'double' to 'float', possible loss of data
D:\Users\Desktop\WorkSpace\DHMT_NHOM_1\XichDu\OpenGL_Demo_VS2022\OpenGL_Demo\main.cpp(240,67): warning C4305: 'argument': truncation from 'double' to 'float'
D:\Users\Desktop\WorkSpace\DHMT_NHOM_1\XichDu\OpenGL_Demo_VS2022\OpenGL_Demo\main.cpp(241,53): warning C4244: 'argument': conversion from 'double' to 'float', possible loss of data
D:\Users\Desktop\WorkSpace\DHMT_NHOM_1\XichDu\OpenGL_Demo_VS2022\OpenGL_Demo\main.cpp(241,16): warning C4244: 'argument': conversion from 'double' to 'float', possible loss of data
D:\Users\Desktop\WorkSpace\DHMT_NHOM_1\XichDu\OpenGL_Demo_VS2022\OpenGL_Demo\main.cpp(241,70): warning C4305: 'argument': truncation from 'double' to 'float'
D:\Users\Desktop\WorkSpace\DHMT_NHOM_1\XichDu\OpenGL_Demo_VS2022\OpenGL_Demo\main.cpp(243,78): warning C4244: 'argument': conversion from 'double' to 'float', possible loss of data
D:\Users\Desktop\WorkSpace\DHMT_NHOM_1\XichDu\OpenGL_Demo_VS2022\OpenGL_Demo\main.cpp(243,63): warning C4244: 'argument': conversion from 'double' to 'float', possible loss of data
D:\Users\Desktop\WorkSpace\DHMT_NHOM_1\XichDu\OpenGL_Demo_VS2022\OpenGL_Demo\main.cpp(243,16): warning C4244: 'argument': conversion from 'double' to 'float', possible loss of data
D:\Users\Desktop\WorkSpace\DHMT_NHOM_1\XichDu\OpenGL_Demo_VS2022\OpenGL_Demo\main.cpp(243,100): warning C4305: 'argument': truncation from 'double' to 'float'
D:\Users\Desktop\WorkSpace\DHMT_NHOM_1\XichDu\OpenGL_Demo_VS2022\OpenGL_Demo\main.cpp(243,95): warning C4305: 'argument': truncation from 'double' to 'float'
D:\Users\Desktop\WorkSpace\DHMT_NHOM_1\XichDu\OpenGL_Demo_VS2022\OpenGL_Demo\main.cpp(256,40): warning C4244: 'argument': conversion from 'double' to 'float', possible loss of data
D:\Users\Desktop\WorkSpace\DHMT_NHOM_1\XichDu\OpenGL_Demo_VS2022\OpenGL_Demo\main.cpp(256,67): warning C4305: 'argument': truncation from 'double' to 'float'
D:\Users\Desktop\WorkSpace\DHMT_NHOM_1\XichDu\OpenGL_Demo_VS2022\OpenGL_Demo\main.cpp(259,50): warning C4244: 'argument': conversion from 'double' to 'float', possible loss of data
D:\Users\Desktop\WorkSpace\DHMT_NHOM_1\XichDu\OpenGL_Demo_VS2022\OpenGL_Demo\main.cpp(259,26): warning C4244: 'argument': conversion from 'double' to 'float', possible loss of data
D:\Users\Desktop\WorkSpace\DHMT_NHOM_1\XichDu\OpenGL_Demo_VS2022\OpenGL_Demo\main.cpp(259,67): warning C4305: 'argument': truncation from 'double' to 'float'
D:\Users\Desktop\WorkSpace\DHMT_NHOM_1\XichDu\OpenGL_Demo_VS2022\OpenGL_Demo\main.cpp(264,52): warning C4244: 'argument': conversion from 'double' to 'float', possible loss of data
D:\Users\Desktop\WorkSpace\DHMT_NHOM_1\XichDu\OpenGL_Demo_VS2022\OpenGL_Demo\main.cpp(264,37): warning C4244: 'argument': conversion from 'double' to 'float', possible loss of data
D:\Users\Desktop\WorkSpace\DHMT_NHOM_1\XichDu\OpenGL_Demo_VS2022\OpenGL_Demo\main.cpp(264,99): warning C4305: 'argument': truncation from 'double' to 'float'
D:\Users\Desktop\WorkSpace\DHMT_NHOM_1\XichDu\OpenGL_Demo_VS2022\OpenGL_Demo\main.cpp(264,94): warning C4305: 'argument': truncation from 'double' to 'float'
D:\Users\Desktop\WorkSpace\DHMT_NHOM_1\XichDu\OpenGL_Demo_VS2022\OpenGL_Demo\main.cpp(270,55): warning C4305: 'argument': truncation from 'double' to 'float'
D:\Users\Desktop\WorkSpace\DHMT_NHOM_1\XichDu\OpenGL_Demo_VS2022\OpenGL_Demo\main.cpp(279,40): warning C4244: 'argument': conversion from 'double' to 'float', possible loss of data
D:\Users\Desktop\WorkSpace\DHMT_NHOM_1\XichDu\OpenGL_Demo_VS2022\OpenGL_Demo\main.cpp(279,67): warning C4305: 'argument': truncation from 'double' to 'float'
D:\Users\Desktop\WorkSpace\DHMT_NHOM_1\XichDu\OpenGL_Demo_VS2022\OpenGL_Demo\main.cpp(284,53): warning C4244: 'argument': conversion from 'double' to 'float', possible loss of data
D:\Users\Desktop\WorkSpace\DHMT_NHOM_1\XichDu\OpenGL_Demo_VS2022\OpenGL_Demo\main.cpp(284,16): warning C4244: 'argument': conversion from 'double' to 'float', possible loss of data
D:\Users\Desktop\WorkSpace\DHMT_NHOM_1\XichDu\OpenGL_Demo_VS2022\OpenGL_Demo\main.cpp(284,70): warning C4305: 'argument': truncation from 'double' to 'float'
D:\Users\Desktop\WorkSpace\DHMT_NHOM_1\XichDu\OpenGL_Demo_VS2022\OpenGL_Demo\main.cpp(287,59): warning C4244: 'argument': conversion from 'double' to 'float', possible loss of data
D:\Users\Desktop\WorkSpace\DHMT_NHOM_1\XichDu\OpenGL_Demo_VS2022\OpenGL_Demo\main.cpp(287,36): warning C4244: 'argument': conversion from 'double' to 'float', possible loss of data
D:\Users\Desktop\WorkSpace\DHMT_NHOM_1\XichDu\OpenGL_Demo_VS2022\OpenGL_Demo\main.cpp(287,84): warning C4305: 'argument': truncation from 'double' to 'float'
D:\Users\Desktop\WorkSpace\DHMT_NHOM_1\XichDu\OpenGL_Demo_VS2022\OpenGL_Demo\main.cpp(287,79): warning C4305: 'argument': truncation from 'double' to 'float'
D:\Users\Desktop\WorkSpace\DHMT_NHOM_1\XichDu\OpenGL_Demo_VS2022\OpenGL_Demo\main.cpp(293,55): warning C4305: 'argument': truncation from 'double' to 'float'
D:\Users\Desktop\WorkSpace\DHMT_NHOM_1\XichDu\OpenGL_Demo_VS2022\OpenGL_Demo\main.cpp(415,28): warning C4305: 'argument': truncation from 'double' to 'float'
D:\Users\Desktop\WorkSpace\DHMT_NHOM_1\XichDu\OpenGL_Demo_VS2022\OpenGL_Demo\main.cpp(415,20): warning C4305: 'argument': truncation from 'double' to 'float'
D:\Users\Desktop\WorkSpace\DHMT_NHOM_1\XichDu\OpenGL_Demo_VS2022\OpenGL_Demo\main.cpp(416,37): warning C4305: 'argument': truncation from 'double' to 'float'
D:\Users\Desktop\WorkSpace\DHMT_NHOM_1\XichDu\OpenGL_Demo_VS2022\OpenGL_Demo\main.cpp(416,23): warning C4305: 'argument': truncation from 'double' to 'float'
D:\Users\Desktop\WorkSpace\DHMT_NHOM_1\XichDu\OpenGL_Demo_VS2022\OpenGL_Demo\main.cpp(417,39): warning C4305: 'argument': truncation from 'double' to 'float'
D:\Users\Desktop\WorkSpace\DHMT_NHOM_1\XichDu\OpenGL_Demo_VS2022\OpenGL_Demo\main.cpp(417,31): warning C4305: 'argument': truncation from 'double' to 'float'
D:\Users\Desktop\WorkSpace\DHMT_NHOM_1\XichDu\OpenGL_Demo_VS2022\OpenGL_Demo\main.cpp(417,17): warning C4305: 'argument': truncation from 'double' to 'float'
D:\Users\Desktop\WorkSpace\DHMT_NHOM_1\XichDu\OpenGL_Demo_VS2022\OpenGL_Demo\main.cpp(418,39): warning C4305: 'argument': truncation from 'double' to 'float'
D:\Users\Desktop\WorkSpace\DHMT_NHOM_1\XichDu\OpenGL_Demo_VS2022\OpenGL_Demo\main.cpp(418,31): warning C4305: 'argument': truncation from 'double' to 'float'
D:\Users\Desktop\WorkSpace\DHMT_NHOM_1\XichDu\OpenGL_Demo_VS2022\OpenGL_Demo\main.cpp(418,16): warning C4305: 'argument': truncation from 'double' to 'float'
D:\Users\Desktop\WorkSpace\DHMT_NHOM_1\XichDu\OpenGL_Demo_VS2022\OpenGL_Demo\main.cpp(422,30): warning C4305: 'argument': truncation from 'double' to 'float'
D:\Users\Desktop\WorkSpace\DHMT_NHOM_1\XichDu\OpenGL_Demo_VS2022\OpenGL_Demo\main.cpp(422,22): warning C4305: 'argument': truncation from 'double' to 'float'
D:\Users\Desktop\WorkSpace\DHMT_NHOM_1\XichDu\OpenGL_Demo_VS2022\OpenGL_Demo\main.cpp(425,36): warning C4305: 'argument': truncation from 'double' to 'float'
D:\Users\Desktop\WorkSpace\DHMT_NHOM_1\XichDu\OpenGL_Demo_VS2022\OpenGL_Demo\main.cpp(425,23): warning C4305: 'argument': truncation from 'double' to 'float'
D:\Users\Desktop\WorkSpace\DHMT_NHOM_1\XichDu\OpenGL_Demo_VS2022\OpenGL_Demo\main.cpp(428,40): warning C4305: 'argument': truncation from 'double' to 'float'
D:\Users\Desktop\WorkSpace\DHMT_NHOM_1\XichDu\OpenGL_Demo_VS2022\OpenGL_Demo\main.cpp(428,32): warning C4305: 'argument': truncation from 'double' to 'float'
D:\Users\Desktop\WorkSpace\DHMT_NHOM_1\XichDu\OpenGL_Demo_VS2022\OpenGL_Demo\main.cpp(428,17): warning C4305: 'argument': truncation from 'double' to 'float'
D:\Users\Desktop\WorkSpace\DHMT_NHOM_1\XichDu\OpenGL_Demo_VS2022\OpenGL_Demo\main.cpp(431,39): warning C4305: 'argument': truncation from 'double' to 'float'
D:\Users\Desktop\WorkSpace\DHMT_NHOM_1\XichDu\OpenGL_Demo_VS2022\OpenGL_Demo\main.cpp(431,31): warning C4305: 'argument': truncation from 'double' to 'float'
D:\Users\Desktop\WorkSpace\DHMT_NHOM_1\XichDu\OpenGL_Demo_VS2022\OpenGL_Demo\main.cpp(431,16): warning C4305: 'argument': truncation from 'double' to 'float'
D:\Users\Desktop\WorkSpace\DHMT_NHOM_1\XichDu\OpenGL_Demo_VS2022\OpenGL_Demo\main.cpp(470,8): warning C4305: '+=': truncation from 'double' to 'float'
D:\Users\Desktop\WorkSpace\DHMT_NHOM_1\XichDu\OpenGL_Demo_VS2022\OpenGL_Demo\main.cpp(472,8): warning C4305: '-=': truncation from 'double' to 'float'
D:\Users\Desktop\WorkSpace\DHMT_NHOM_1\XichDu\OpenGL_Demo_VS2022\OpenGL_Demo\main.cpp(474,8): warning C4305: '+=': truncation from 'double' to 'float'
D:\Users\Desktop\WorkSpace\DHMT_NHOM_1\XichDu\OpenGL_Demo_VS2022\OpenGL_Demo\main.cpp(476,8): warning C4305: '-=': truncation from 'double' to 'float'
  OpenGL_Demo.vcxproj -> D:\Users\Desktop\WorkSpace\DHMT_NHOM_1\XichDu\OpenGL_Demo_VS2022\x64\Debug\OpenGL_Demo.exe
